<?xml version="1.0" encoding="UTF-8"?>
<testsuite xmlns:xsi="http://www.w3.org/2001/XMLSchema-instance" xsi:noNamespaceSchemaLocation="https://maven.apache.org/surefire/maven-surefire-plugin/xsd/surefire-test-report-3.0.xsd" version="3.0" name="TestSuite" time="40.006" tests="2" errors="0" skipped="0" failures="0">
  <properties>
    <property name="java.specification.version" value="13"/>
    <property name="webdriver.chrome.driver" value="/Users/mapan/.m2/repository/webdriver/chromedriver/mac64/114.0.5735.90/chromedriver"/>
    <property name="sun.jnu.encoding" value="UTF-8"/>
    <property name="java.class.path" value="/Users/mapan/Documents/QA Test (Selenium Java Cucumber)/target/test-classes:/Users/mapan/Documents/QA Test (Selenium Java Cucumber)/target/classes:/Users/mapan/.m2/repository/org/seleniumhq/selenium/selenium-java/3.141.59/selenium-java-3.141.59.jar:/Users/mapan/.m2/repository/org/seleniumhq/selenium/selenium-api/3.141.59/selenium-api-3.141.59.jar:/Users/mapan/.m2/repository/org/seleniumhq/selenium/selenium-chrome-driver/3.141.59/selenium-chrome-driver-3.141.59.jar:/Users/mapan/.m2/repository/org/seleniumhq/selenium/selenium-edge-driver/3.141.59/selenium-edge-driver-3.141.59.jar:/Users/mapan/.m2/repository/org/seleniumhq/selenium/selenium-firefox-driver/3.141.59/selenium-firefox-driver-3.141.59.jar:/Users/mapan/.m2/repository/org/seleniumhq/selenium/selenium-ie-driver/3.141.59/selenium-ie-driver-3.141.59.jar:/Users/mapan/.m2/repository/org/seleniumhq/selenium/selenium-opera-driver/3.141.59/selenium-opera-driver-3.141.59.jar:/Users/mapan/.m2/repository/org/seleniumhq/selenium/selenium-remote-driver/3.141.59/selenium-remote-driver-3.141.59.jar:/Users/mapan/.m2/repository/org/seleniumhq/selenium/selenium-safari-driver/3.141.59/selenium-safari-driver-3.141.59.jar:/Users/mapan/.m2/repository/org/seleniumhq/selenium/selenium-support/3.141.59/selenium-support-3.141.59.jar:/Users/mapan/.m2/repository/net/bytebuddy/byte-buddy/1.8.15/byte-buddy-1.8.15.jar:/Users/mapan/.m2/repository/org/apache/commons/commons-exec/1.3/commons-exec-1.3.jar:/Users/mapan/.m2/repository/com/google/guava/guava/25.0-jre/guava-25.0-jre.jar:/Users/mapan/.m2/repository/com/google/code/findbugs/jsr305/1.3.9/jsr305-1.3.9.jar:/Users/mapan/.m2/repository/org/checkerframework/checker-compat-qual/2.0.0/checker-compat-qual-2.0.0.jar:/Users/mapan/.m2/repository/com/google/errorprone/error_prone_annotations/2.1.3/error_prone_annotations-2.1.3.jar:/Users/mapan/.m2/repository/com/google/j2objc/j2objc-annotations/1.1/j2objc-annotations-1.1.jar:/Users/mapan/.m2/repository/org/codehaus/mojo/animal-sniffer-annotations/1.14/animal-sniffer-annotations-1.14.jar:/Users/mapan/.m2/repository/com/squareup/okhttp3/okhttp/3.11.0/okhttp-3.11.0.jar:/Users/mapan/.m2/repository/com/squareup/okio/okio/1.14.0/okio-1.14.0.jar:/Users/mapan/.m2/repository/org/testng/testng/7.0.0/testng-7.0.0.jar:/Users/mapan/.m2/repository/com/beust/jcommander/1.72/jcommander-1.72.jar:/Users/mapan/.m2/repository/commons-lang/commons-lang/2.6/commons-lang-2.6.jar:/Users/mapan/.m2/repository/io/cucumber/cucumber-java/5.1.1/cucumber-java-5.1.1.jar:/Users/mapan/.m2/repository/io/cucumber/cucumber-core/5.1.1/cucumber-core-5.1.1.jar:/Users/mapan/.m2/repository/io/cucumber/cucumber-gherkin/5.1.1/cucumber-gherkin-5.1.1.jar:/Users/mapan/.m2/repository/io/cucumber/cucumber-gherkin-vintage/5.1.1/cucumber-gherkin-vintage-5.1.1.jar:/Users/mapan/.m2/repository/io/cucumber/tag-expressions/2.0.4/tag-expressions-2.0.4.jar:/Users/mapan/.m2/repository/io/cucumber/cucumber-expressions/8.3.1/cucumber-expressions-8.3.1.jar:/Users/mapan/.m2/repository/io/cucumber/datatable/3.2.1/datatable-3.2.1.jar:/Users/mapan/.m2/repository/io/cucumber/cucumber-plugin/5.1.1/cucumber-plugin-5.1.1.jar:/Users/mapan/.m2/repository/io/cucumber/docstring/5.1.1/docstring-5.1.1.jar:/Users/mapan/.m2/repository/org/apiguardian/apiguardian-api/1.1.0/apiguardian-api-1.1.0.jar:/Users/mapan/.m2/repository/io/cucumber/cucumber-testng/5.1.1/cucumber-testng-5.1.1.jar:/Users/mapan/.m2/repository/io/github/bonigarcia/webdrivermanager/3.8.1/webdrivermanager-3.8.1.jar:/Users/mapan/.m2/repository/org/slf4j/slf4j-api/1.7.25/slf4j-api-1.7.25.jar:/Users/mapan/.m2/repository/commons-io/commons-io/2.6/commons-io-2.6.jar:/Users/mapan/.m2/repository/com/google/code/gson/gson/2.8.5/gson-2.8.5.jar:/Users/mapan/.m2/repository/org/apache/commons/commons-lang3/3.8.1/commons-lang3-3.8.1.jar:/Users/mapan/.m2/repository/org/apache/httpcomponents/httpclient/4.5.6/httpclient-4.5.6.jar:/Users/mapan/.m2/repository/org/apache/httpcomponents/httpcore/4.4.10/httpcore-4.4.10.jar:/Users/mapan/.m2/repository/commons-logging/commons-logging/1.2/commons-logging-1.2.jar:/Users/mapan/.m2/repository/commons-codec/commons-codec/1.10/commons-codec-1.10.jar:/Users/mapan/.m2/repository/org/rauschig/jarchivelib/1.0.0/jarchivelib-1.0.0.jar:/Users/mapan/.m2/repository/org/apache/commons/commons-compress/1.18/commons-compress-1.18.jar:/Users/mapan/.m2/repository/org/jsoup/jsoup/1.11.3/jsoup-1.11.3.jar:/Users/mapan/.m2/repository/io/cucumber/cucumber-picocontainer/6.0.0-RC1/cucumber-picocontainer-6.0.0-RC1.jar:/Users/mapan/.m2/repository/org/picocontainer/picocontainer/2.15/picocontainer-2.15.jar:/Users/mapan/.m2/repository/net/datafaker/datafaker/1.5.0/datafaker-1.5.0.jar:/Users/mapan/.m2/repository/com/github/mifmif/generex/1.0.2/generex-1.0.2.jar:/Users/mapan/.m2/repository/dk/brics/automaton/automaton/1.11-8/automaton-1.11-8.jar:"/>
    <property name="java.vm.vendor" value="Oracle Corporation"/>
    <property name="sun.arch.data.model" value="64"/>
    <property name="java.vendor.url" value="https://java.oracle.com/"/>
    <property name="user.timezone" value="Asia/Jakarta"/>
    <property name="os.name" value="Mac OS X"/>
    <property name="java.vm.specification.version" value="13"/>
    <property name="sun.java.launcher" value="SUN_STANDARD"/>
    <property name="user.country" value="ID"/>
    <property name="sun.boot.library.path" value="/Library/Java/JavaVirtualMachines/jdk-13.0.2.jdk/Contents/Home/lib"/>
    <property name="sun.java.command" value="/Users/mapan/Documents/QA Test (Selenium Java Cucumber)/target/surefire/surefirebooter8436690805196982841.jar /Users/mapan/Documents/QA Test (Selenium Java Cucumber)/target/surefire 2023-08-13T02-19-01_074-jvmRun1 surefire15509564113016899355tmp surefire_01458424278448523811tmp"/>
    <property name="http.nonProxyHosts" value="local|*.local|169.254/16|*.169.254/16"/>
    <property name="jdk.debug" value="release"/>
    <property name="surefire.test.class.path" value="/Users/mapan/Documents/QA Test (Selenium Java Cucumber)/target/test-classes:/Users/mapan/Documents/QA Test (Selenium Java Cucumber)/target/classes:/Users/mapan/.m2/repository/org/seleniumhq/selenium/selenium-java/3.141.59/selenium-java-3.141.59.jar:/Users/mapan/.m2/repository/org/seleniumhq/selenium/selenium-api/3.141.59/selenium-api-3.141.59.jar:/Users/mapan/.m2/repository/org/seleniumhq/selenium/selenium-chrome-driver/3.141.59/selenium-chrome-driver-3.141.59.jar:/Users/mapan/.m2/repository/org/seleniumhq/selenium/selenium-edge-driver/3.141.59/selenium-edge-driver-3.141.59.jar:/Users/mapan/.m2/repository/org/seleniumhq/selenium/selenium-firefox-driver/3.141.59/selenium-firefox-driver-3.141.59.jar:/Users/mapan/.m2/repository/org/seleniumhq/selenium/selenium-ie-driver/3.141.59/selenium-ie-driver-3.141.59.jar:/Users/mapan/.m2/repository/org/seleniumhq/selenium/selenium-opera-driver/3.141.59/selenium-opera-driver-3.141.59.jar:/Users/mapan/.m2/repository/org/seleniumhq/selenium/selenium-remote-driver/3.141.59/selenium-remote-driver-3.141.59.jar:/Users/mapan/.m2/repository/org/seleniumhq/selenium/selenium-safari-driver/3.141.59/selenium-safari-driver-3.141.59.jar:/Users/mapan/.m2/repository/org/seleniumhq/selenium/selenium-support/3.141.59/selenium-support-3.141.59.jar:/Users/mapan/.m2/repository/net/bytebuddy/byte-buddy/1.8.15/byte-buddy-1.8.15.jar:/Users/mapan/.m2/repository/org/apache/commons/commons-exec/1.3/commons-exec-1.3.jar:/Users/mapan/.m2/repository/com/google/guava/guava/25.0-jre/guava-25.0-jre.jar:/Users/mapan/.m2/repository/com/google/code/findbugs/jsr305/1.3.9/jsr305-1.3.9.jar:/Users/mapan/.m2/repository/org/checkerframework/checker-compat-qual/2.0.0/checker-compat-qual-2.0.0.jar:/Users/mapan/.m2/repository/com/google/errorprone/error_prone_annotations/2.1.3/error_prone_annotations-2.1.3.jar:/Users/mapan/.m2/repository/com/google/j2objc/j2objc-annotations/1.1/j2objc-annotations-1.1.jar:/Users/mapan/.m2/repository/org/codehaus/mojo/animal-sniffer-annotations/1.14/animal-sniffer-annotations-1.14.jar:/Users/mapan/.m2/repository/com/squareup/okhttp3/okhttp/3.11.0/okhttp-3.11.0.jar:/Users/mapan/.m2/repository/com/squareup/okio/okio/1.14.0/okio-1.14.0.jar:/Users/mapan/.m2/repository/org/testng/testng/7.0.0/testng-7.0.0.jar:/Users/mapan/.m2/repository/com/beust/jcommander/1.72/jcommander-1.72.jar:/Users/mapan/.m2/repository/commons-lang/commons-lang/2.6/commons-lang-2.6.jar:/Users/mapan/.m2/repository/io/cucumber/cucumber-java/5.1.1/cucumber-java-5.1.1.jar:/Users/mapan/.m2/repository/io/cucumber/cucumber-core/5.1.1/cucumber-core-5.1.1.jar:/Users/mapan/.m2/repository/io/cucumber/cucumber-gherkin/5.1.1/cucumber-gherkin-5.1.1.jar:/Users/mapan/.m2/repository/io/cucumber/cucumber-gherkin-vintage/5.1.1/cucumber-gherkin-vintage-5.1.1.jar:/Users/mapan/.m2/repository/io/cucumber/tag-expressions/2.0.4/tag-expressions-2.0.4.jar:/Users/mapan/.m2/repository/io/cucumber/cucumber-expressions/8.3.1/cucumber-expressions-8.3.1.jar:/Users/mapan/.m2/repository/io/cucumber/datatable/3.2.1/datatable-3.2.1.jar:/Users/mapan/.m2/repository/io/cucumber/cucumber-plugin/5.1.1/cucumber-plugin-5.1.1.jar:/Users/mapan/.m2/repository/io/cucumber/docstring/5.1.1/docstring-5.1.1.jar:/Users/mapan/.m2/repository/org/apiguardian/apiguardian-api/1.1.0/apiguardian-api-1.1.0.jar:/Users/mapan/.m2/repository/io/cucumber/cucumber-testng/5.1.1/cucumber-testng-5.1.1.jar:/Users/mapan/.m2/repository/io/github/bonigarcia/webdrivermanager/3.8.1/webdrivermanager-3.8.1.jar:/Users/mapan/.m2/repository/org/slf4j/slf4j-api/1.7.25/slf4j-api-1.7.25.jar:/Users/mapan/.m2/repository/commons-io/commons-io/2.6/commons-io-2.6.jar:/Users/mapan/.m2/repository/com/google/code/gson/gson/2.8.5/gson-2.8.5.jar:/Users/mapan/.m2/repository/org/apache/commons/commons-lang3/3.8.1/commons-lang3-3.8.1.jar:/Users/mapan/.m2/repository/org/apache/httpcomponents/httpclient/4.5.6/httpclient-4.5.6.jar:/Users/mapan/.m2/repository/org/apache/httpcomponents/httpcore/4.4.10/httpcore-4.4.10.jar:/Users/mapan/.m2/repository/commons-logging/commons-logging/1.2/commons-logging-1.2.jar:/Users/mapan/.m2/repository/commons-codec/commons-codec/1.10/commons-codec-1.10.jar:/Users/mapan/.m2/repository/org/rauschig/jarchivelib/1.0.0/jarchivelib-1.0.0.jar:/Users/mapan/.m2/repository/org/apache/commons/commons-compress/1.18/commons-compress-1.18.jar:/Users/mapan/.m2/repository/org/jsoup/jsoup/1.11.3/jsoup-1.11.3.jar:/Users/mapan/.m2/repository/io/cucumber/cucumber-picocontainer/6.0.0-RC1/cucumber-picocontainer-6.0.0-RC1.jar:/Users/mapan/.m2/repository/org/picocontainer/picocontainer/2.15/picocontainer-2.15.jar:/Users/mapan/.m2/repository/net/datafaker/datafaker/1.5.0/datafaker-1.5.0.jar:/Users/mapan/.m2/repository/com/github/mifmif/generex/1.0.2/generex-1.0.2.jar:/Users/mapan/.m2/repository/dk/brics/automaton/automaton/1.11-8/automaton-1.11-8.jar:"/>
    <property name="sun.cpu.endian" value="little"/>
    <property name="user.home" value="/Users/mapan"/>
    <property name="user.language" value="en"/>
    <property name="java.specification.vendor" value="Oracle Corporation"/>
    <property name="java.version.date" value="2020-01-14"/>
    <property name="java.home" value="/Library/Java/JavaVirtualMachines/jdk-13.0.2.jdk/Contents/Home"/>
    <property name="file.separator" value="/"/>
    <property name="basedir" value="/Users/mapan/Documents/QA Test (Selenium Java Cucumber)"/>
    <property name="java.vm.compressedOopsMode" value="Zero based"/>
    <property name="line.separator" value="&#10;"/>
    <property name="java.vm.specification.vendor" value="Oracle Corporation"/>
    <property name="java.specification.name" value="Java Platform API Specification"/>
    <property name="surefire.real.class.path" value="/Users/mapan/Documents/QA Test (Selenium Java Cucumber)/target/surefire/surefirebooter8436690805196982841.jar"/>
    <property name="sun.management.compiler" value="HotSpot 64-Bit Tiered Compilers"/>
    <property name="ftp.nonProxyHosts" value="local|*.local|169.254/16|*.169.254/16"/>
    <property name="java.runtime.version" value="13.0.2+8"/>
    <property name="user.name" value="mapan"/>
    <property name="path.separator" value=":"/>
    <property name="os.version" value="10.16"/>
    <property name="java.runtime.name" value="Java(TM) SE Runtime Environment"/>
    <property name="file.encoding" value="UTF-8"/>
    <property name="browser" value="chrome"/>
    <property name="java.vm.name" value="Java HotSpot(TM) 64-Bit Server VM"/>
    <property name="localRepository" value="/Users/mapan/.m2/repository"/>
    <property name="java.vendor.url.bug" value="https://bugreport.java.com/bugreport/"/>
    <property name="java.io.tmpdir" value="/var/folders/4n/6cw33j215gsd467n6kvdj9lh0000gp/T/"/>
    <property name="java.version" value="13.0.2"/>
    <property name="user.dir" value="/Users/mapan/Documents/QA Test (Selenium Java Cucumber)"/>
    <property name="os.arch" value="x86_64"/>
    <property name="java.vm.specification.name" value="Java Virtual Machine Specification"/>
    <property name="java.library.path" value="/Users/mapan/Library/Java/Extensions:/Library/Java/Extensions:/Network/Library/Java/Extensions:/System/Library/Java/Extensions:/usr/lib/java:."/>
    <property name="java.vm.info" value="mixed mode, sharing"/>
    <property name="java.vendor" value="Oracle Corporation"/>
    <property name="java.vm.version" value="13.0.2+8"/>
    <property name="sun.io.unicode.encoding" value="UnicodeBig"/>
    <property name="socksNonProxyHosts" value="local|*.local|169.254/16|*.169.254/16"/>
    <property name="java.class.version" value="57.0"/>
  </properties>
  <testcase name="runScenario[&quot;Homepage - Success go to youtube shorts page&quot;, &quot;Homepage&quot;](1)" classname="runners.Runner" time="10.801">
    <system-err><![CDATA[Aug 13, 2023 2:19:03 AM io.cucumber.testng.TestNGCucumberRunner <init>
WARNING: By default Cucumber is running in --non-strict mode.
This default will change to --strict and --non-strict will be removed.
You can use --strict or @CucumberOptions(strict = true) to suppress this warning
SLF4J: Failed to load class "org.slf4j.impl.StaticLoggerBinder".
SLF4J: Defaulting to no-operation (NOP) logger implementation
SLF4J: See http://www.slf4j.org/codes.html#StaticLoggerBinder for further details.
Starting ChromeDriver 114.0.5735.90 (386bc09e8f4f2e025eddae123f36f6263096ae49-refs/branch-heads/5735@{#1052}) on port 43650
Only local connections are allowed.
Please see https://chromedriver.chromium.org/security-considerations for suggestions on keeping ChromeDriver safe.
ChromeDriver was started successfully.
[1691867946.972][WARNING]: This version of ChromeDriver has not been tested with Chrome version 115.
Aug 13, 2023 2:19:07 AM org.openqa.selenium.remote.ProtocolHandshake createSession
INFO: Detected dialect: W3C
]]></system-err>
  </testcase>
  <testcase name="runScenario[&quot;Search - Success search and play video&quot;, &quot;Search&quot;](2)" classname="runners.Runner" time="27.66">
    <system-err><![CDATA[Starting ChromeDriver 114.0.5735.90 (386bc09e8f4f2e025eddae123f36f6263096ae49-refs/branch-heads/5735@{#1052}) on port 34829
Only local connections are allowed.
Please see https://chromedriver.chromium.org/security-considerations for suggestions on keeping ChromeDriver safe.
ChromeDriver was started successfully.
[1691867956.729][WARNING]: This version of ChromeDriver has not been tested with Chrome version 115.
Aug 13, 2023 2:19:16 AM org.openqa.selenium.remote.ProtocolHandshake createSession
INFO: Detected dialect: W3C
]]></system-err>
  </testcase>
</testsuite>