<?xml version="1.0" encoding="UTF-8"?>
<!-- Generated by org.testng.reporters.JUnitReportReporter -->
<testsuite hostname="1333-MAPANMAC.local" failures="0" tests="2" name="runners.Runner" time="38.395" errors="0" timestamp="2023-08-13T02:19:42 WIB" skipped="0">
  <testcase classname="runners.Runner" name="runScenario" time="27.643"/>
  <testcase classname="runners.Runner" name="runScenario" time="10.752"/>
</testsuite> <!-- runners.Runner -->
